<?xml version="1.0" encoding="UTF-8"?>
<!-- Generated by org.testng.reporters.JUnitXMLReporter -->
<testsuite ignored="0" hostname="varuns-Air.bbrouter" failures="0" tests="2" name="Default test" time="0.368" errors="0" timestamp="2021-06-26T13:31:04 IST">
  <testcase classname="com.logginghelper.BasicLoggerTest" name="test_addLog_with_debugLevel" time="0.029"/>
  <testcase classname="com.logginghelper.BasicLoggerTest" name="test_addLog_with_infoLevel" time="0.005"/>
</testsuite> <!-- Default test -->
