<?xml version="1.0" encoding="UTF-8"?>
<testng-results ignored="0" total="2" passed="2" failed="0" skipped="0">
  <reporter-output>
  </reporter-output>
  <suite started-at="2021-06-26T13:31:03 IST" name="Default suite" finished-at="2021-06-26T13:31:04 IST" duration-ms="368">
    <groups>
    </groups>
    <test started-at="2021-06-26T13:31:03 IST" name="Default test" finished-at="2021-06-26T13:31:04 IST" duration-ms="368">
      <class name="com.logginghelper.BasicLoggerTest">
        <test-method is-config="true" signature="setup()[pri:0, instance:com.logginghelper.BasicLoggerTest@d6e7bab]" started-at="2021-06-26T13:31:03 IST" name="setup" finished-at="2021-06-26T13:31:04 IST" duration-ms="250" status="PASS">
          <reporter-output>
          </reporter-output>
        </test-method> <!-- setup -->
        <test-method signature="test_addLog_with_debugLevel()[pri:0, instance:com.logginghelper.BasicLoggerTest@d6e7bab]" started-at="2021-06-26T13:31:04 IST" name="test_addLog_with_debugLevel" finished-at="2021-06-26T13:31:04 IST" duration-ms="29" status="PASS">
          <reporter-output>
          </reporter-output>
        </test-method> <!-- test_addLog_with_debugLevel -->
        <test-method signature="test_addLog_with_infoLevel()[pri:0, instance:com.logginghelper.BasicLoggerTest@d6e7bab]" started-at="2021-06-26T13:31:04 IST" name="test_addLog_with_infoLevel" finished-at="2021-06-26T13:31:04 IST" duration-ms="5" status="PASS">
          <reporter-output>
          </reporter-output>
        </test-method> <!-- test_addLog_with_infoLevel -->
      </class> <!-- com.logginghelper.BasicLoggerTest -->
    </test> <!-- Default test -->
  </suite> <!-- Default suite -->
</testng-results>
